<?xml version="1.0" encoding="UTF-8"?>
<!-- Generated by org.testng.reporters.JUnitXMLReporter -->
<testsuite hostname="DESKTOP-987SG1D" ignored="0" name="Default test" tests="4" failures="0" timestamp="2020-08-26T15:25:13 IST" time="79.18" errors="0">
  <testcase name="Alert" time="4.951" classname="com.wordpress.qa.testcases.AutomationTest"/>
  <testcase name="acti" time="5.537" classname="com.wordpress.qa.testcases.AutomationTest"/>
  <testcase name="actikp" time="0.361" classname="com.wordpress.qa.testcases.AutomationTest"/>
  <testcase name="actip" time="1.057" classname="com.wordpress.qa.testcases.AutomationTest"/>
</testsuite> <!-- Default test -->
